{"/Users/olafursverrirkjartansson/code/kennsla/vef2-2025/vef2-2025/namsefni/04.testing/daemi/jest/src/reverse.js": {"path":"/Users/olafursverrirkjartansson/code/kennsla/vef2-2025/vef2-2025/namsefni/04.testing/daemi/jest/src/reverse.js","statementMap":{"0":{"start":{"line":2,"column":2},"end":{"line":2,"column":42}},"1":{"start":{"line":6,"column":2},"end":{"line":6,"column":49}}},"fnMap":{"0":{"name":"reverse","decl":{"start":{"line":1,"column":16},"end":{"line":1,"column":23}},"loc":{"start":{"line":1,"column":29},"end":{"line":3,"column":1}},"line":1},"1":{"name":"notCovered","decl":{"start":{"line":5,"column":16},"end":{"line":5,"column":26}},"loc":{"start":{"line":5,"column":29},"end":{"line":7,"column":1}},"line":5}},"branchMap":{},"s":{"0":1,"1":0},"f":{"0":1,"1":0},"b":{},"_coverageSchema":"1a1c01bbd47fc00a2c39e90264f33305004495a9","hash":"aabd290048a0263409bbb39fd52b77c88b92ea3b"}
}
